Change Component Designator: OldDesignator=C1 NewDesignator=C2
Change Component Designator: OldDesignator=C2 NewDesignator=C3
Change Component Designator: OldDesignator=C3 NewDesignator=C4
Change Component Designator: OldDesignator=C4 NewDesignator=C5
Change Component Designator: OldDesignator=C5 NewDesignator=C6
Change Component Designator: OldDesignator=C6 NewDesignator=C7
Change Component Designator: OldDesignator=C7 NewDesignator=C8
Change Component Designator: OldDesignator=C8 NewDesignator=C9
Change Component Designator: OldDesignator=C9 NewDesignator=C10
Change Component Designator: OldDesignator=C10 NewDesignator=C11
Change Component Designator: OldDesignator=C11 NewDesignator=C12
Change Component Designator: OldDesignator=C12 NewDesignator=C13
Change Component Designator: OldDesignator=C13 NewDesignator=C14
Change Component Designator: OldDesignator=C14 NewDesignator=C15
Change Component Designator: OldDesignator=C15 NewDesignator=C16
Change Component Designator: OldDesignator=C16 NewDesignator=C17
Change Component Designator: OldDesignator=C17 NewDesignator=C18
Change Component Designator: OldDesignator=C18 NewDesignator=C19
Change Component Designator: OldDesignator=C19 NewDesignator=C20
Change Component Designator: OldDesignator=C20 NewDesignator=C21
Change Component Designator: OldDesignator=C21 NewDesignator=C22
Change Component Designator: OldDesignator=C22 NewDesignator=C23
Change Component Designator: OldDesignator=C23 NewDesignator=C24
Change Component Designator: OldDesignator=C24 NewDesignator=C25
Change Component Designator: OldDesignator=C25 NewDesignator=C26
Added Component: Designator=C1(CAP_0402)
Add component (AddParameter): Name = "Dielectric"; Value = ""; VariantName = "[No Variations]"
Add component (AddParameter): Name = "Distributor Link"; Value = ""; VariantName = "[No Variations]"
Add component (AddParameter): Name = "LCSC"; Value = ""; VariantName = "[No Variations]"
Add component (AddParameter): Name = "Manufacturer"; Value = ""; VariantName = "[No Variations]"
Add component (AddParameter): Name = "Manufacturer Part Number"; Value = ""; VariantName = "[No Variations]"
Add component (AddParameter): Name = "Rating"; Value = "100nF"; VariantName = "[No Variations]"
Added Pin To Net: NetName=GND Pin=C1-1
Added Pin To Net: NetName=3V3 Pin=C1-2
Added Member To Class: ClassName=STM32_BLE_Board Member=Component C1 C0402
Added Member To Class: ClassName=STM32_BLE_Board Member=Component C2 C0402C104K8RAC
Added Member To Class: ClassName=STM32_BLE_Board Member=Component C3 C0402C104K8RAC
Added Member To Class: ClassName=STM32_BLE_Board Member=Component C4 GRM1555C2AR80BA01D
Added Member To Class: ClassName=STM32_BLE_Board Member=Component C5 GRM1555C1HR30WA01D
Added Member To Class: ClassName=STM32_BLE_Board Member=Component C6 C0402
Added Member To Class: ClassName=STM32_BLE_Board Member=Component C7 C0402C104K8RAC
Added Member To Class: ClassName=STM32_BLE_Board Member=Component C8 C0402C104K8RAC
Added Member To Class: ClassName=STM32_BLE_Board Member=Component C9 CL10A475KP8NNND
Added Member To Class: ClassName=STM32_BLE_Board Member=Component C10 C0402C104K8RAC
Added Member To Class: ClassName=STM32_BLE_Board Member=Component C11 CL10A475KP8NNND
Added Member To Class: ClassName=STM32_BLE_Board Member=Component C12 C0402C104K8RAC
Added Member To Class: ClassName=STM32_BLE_Board Member=Component C13 CL10A475KP8NNND
Added Member To Class: ClassName=STM32_BLE_Board Member=Component C14 C0402C104K8RAC
Added Member To Class: ClassName=STM32_BLE_Board Member=Component C15 C0402C104K8RAC
Added Member To Class: ClassName=STM32_BLE_Board Member=Component C16 C0402C104K8RAC
Added Member To Class: ClassName=STM32_BLE_Board Member=Component C17 C0402C104K8RAC
Added Member To Class: ClassName=STM32_BLE_Board Member=Component C18 C0402C104K8RAC
Added Member To Class: ClassName=STM32_BLE_Board Member=Component C19 CL10A475KP8NNND
Added Member To Class: ClassName=STM32_BLE_Board Member=Component C20 C0402C104K8RAC
Added Member To Class: ClassName=STM32_BLE_Board Member=Component C21 C0402
Added Member To Class: ClassName=STM32_BLE_Board Member=Component C22 C0402
Added Member To Class: ClassName=STM32_BLE_Board Member=Component C23 C0402C104K8RAC
Added Member To Class: ClassName=STM32_BLE_Board Member=Component C24 CL10A475KP8NNND
Added Member To Class: ClassName=STM32_BLE_Board Member=Component C25 C0402
Added Member To Class: ClassName=STM32_BLE_Board Member=Component C26 C0402
Added Member To Class: ClassName=STM32_BLE_Board Member=Component D1 D_TVS_0402
Added Member To Class: ClassName=STM32_BLE_Board Member=Component D2 D_TVS_0402
Added Member To Class: ClassName=STM32_BLE_Board Member=Component D3 RED
Added Member To Class: ClassName=STM32_BLE_Board Member=Component FB1 BLM18EG101TN1D
Added Member To Class: ClassName=STM32_BLE_Board Member=Component IC1 USBLC6-2SC6
Added Member To Class: ClassName=STM32_BLE_Board Member=Component J1 S4B-ZR-SM4A-TF(LF)(SN)
Added Member To Class: ClassName=STM32_BLE_Board Member=Component J2 S4B-ZR-SM4A-TF(LF)(SN)
Added Member To Class: ClassName=STM32_BLE_Board Member=Component J3 S4B-ZR-SM4A-TF(LF)(SN)
Added Member To Class: ClassName=STM32_BLE_Board Member=Component J4 TC2030
Added Member To Class: ClassName=STM32_BLE_Board Member=Component J5 73412-0110
Added Member To Class: ClassName=STM32_BLE_Board Member=Component J6 USB4105-GF-A-060
Added Member To Class: ClassName=STM32_BLE_Board Member=Component L1 LQG15HS2N7S02D
Added Member To Class: ClassName=STM32_BLE_Board Member=Component L2 LQG15WZ10NJ02D
Added Member To Class: ClassName=STM32_BLE_Board Member=Component L3 LQM21FN100M70L
Added Member To Class: ClassName=STM32_BLE_Board Member=Component R1 220ohm
Added Member To Class: ClassName=STM32_BLE_Board Member=Component R2 220ohm
Added Member To Class: ClassName=STM32_BLE_Board Member=Component R3 10K
Added Member To Class: ClassName=STM32_BLE_Board Member=Component R4 10K
Added Member To Class: ClassName=STM32_BLE_Board Member=Component R5 220ohm
Added Member To Class: ClassName=STM32_BLE_Board Member=Component R6 R0402
Added Member To Class: ClassName=STM32_BLE_Board Member=Component R7 5K1
Added Member To Class: ClassName=STM32_BLE_Board Member=Component R8 R0402
Added Member To Class: ClassName=STM32_BLE_Board Member=Component R9 5k1
Added Member To Class: ClassName=STM32_BLE_Board Member=Component SW1 DTSM-3
Added Member To Class: ClassName=STM32_BLE_Board Member=Component T1 DLF162500LT-5028A1
Added Member To Class: ClassName=STM32_BLE_Board Member=Component U1 STM32WB55CGU6
Added Member To Class: ClassName=STM32_BLE_Board Member=Component U2 SHT40-AD1B-R2
Added Member To Class: ClassName=STM32_BLE_Board Member=Component U3 MIC5504-3.3YM5-TR
Added Member To Class: ClassName=STM32_BLE_Board Member=Component X1 NX2012SA-32.768K-STD-MUB-1
Added Member To Class: ClassName=STM32_BLE_Board Member=Component X2 NX2016SA-32MHZ-EXS00A-CS10820
