Removed Pin From Net: NetName=GND Pin=C1-1
Removed Pin From Net: NetName=3V3 Pin=C1-2
Change Component Designator: OldDesignator=C2 NewDesignator=C1
Change Component Designator: OldDesignator=C3 NewDesignator=C2
Change Component Designator: OldDesignator=C4 NewDesignator=C3
Change Component Designator: OldDesignator=C5 NewDesignator=C4
Change Component Designator: OldDesignator=C6 NewDesignator=C5
Change Component Designator: OldDesignator=C7 NewDesignator=C6
Change Component Designator: OldDesignator=C8 NewDesignator=C7
Change Component Designator: OldDesignator=C9 NewDesignator=C8
Change Component Designator: OldDesignator=C10 NewDesignator=C9
Change Component Designator: OldDesignator=C11 NewDesignator=C10
Change Component Designator: OldDesignator=C12 NewDesignator=C11
Change Component Designator: OldDesignator=C13 NewDesignator=C12
Change Component Designator: OldDesignator=C14 NewDesignator=C13
Change Component Designator: OldDesignator=C15 NewDesignator=C14
Change Component Designator: OldDesignator=C16 NewDesignator=C15
Change Component Designator: OldDesignator=C17 NewDesignator=C16
Change Component Designator: OldDesignator=C18 NewDesignator=C17
Change Component Designator: OldDesignator=C19 NewDesignator=C18
Change Component Designator: OldDesignator=C20 NewDesignator=C19
Change Component Designator: OldDesignator=C21 NewDesignator=C20
Change Component Designator: OldDesignator=C22 NewDesignator=C21
Change Component Designator: OldDesignator=C23 NewDesignator=C22
Change Component Designator: OldDesignator=C24 NewDesignator=C23
Change Component Designator: OldDesignator=C25 NewDesignator=C24
Change Component Designator: OldDesignator=C26 NewDesignator=C25
Added Member To Class: ClassName=STM32_BLE_Board Member=Component C3 GRM1555C2AR80BA01D
Added Member To Class: ClassName=STM32_BLE_Board Member=Component C5 C0402
Added Member To Class: ClassName=STM32_BLE_Board Member=Component C8 CL10A475KP8NNND
Added Member To Class: ClassName=STM32_BLE_Board Member=Component C10 CL10A475KP8NNND
Added Member To Class: ClassName=STM32_BLE_Board Member=Component C13 C0402C104K8RAC
Added Member To Class: ClassName=STM32_BLE_Board Member=Component C15 C0402C104K8RAC
Added Member To Class: ClassName=STM32_BLE_Board Member=Component C17 C0402C104K8RAC
Added Member To Class: ClassName=STM32_BLE_Board Member=Component C18 CL10A475KP8NNND
Added Member To Class: ClassName=STM32_BLE_Board Member=Component C20 C0402
Added Member To Class: ClassName=STM32_BLE_Board Member=Component C22 C0402C104K8RAC
Added Member To Class: ClassName=STM32_BLE_Board Member=Component C24 C0402
Added Member To Class: ClassName=STM32_BLE_Board Member=Component R1 220ohm
Added Member To Class: ClassName=STM32_BLE_Board Member=Component R2 220ohm
Added Member To Class: ClassName=STM32_BLE_Board Member=Component R5 220ohm
Added Member To Class: ClassName=STM32_BLE_Board Member=Component R6 R0402
Added Member To Class: ClassName=STM32_BLE_Board Member=Component R7 5K1
